<?xml version="1.0" encoding="UTF-8"?>
<testng-results ignored="0" total="1" passed="1" failed="0" skipped="0">
  <reporter-output>
  </reporter-output>
  <suite started-at="2020-09-03T07:11:17 IST" name="one.TestHello" finished-at="2020-09-03T07:11:17 IST" duration-ms="44">
    <groups>
    </groups>
    <test started-at="2020-09-03T07:11:17 IST" name="Command line test" finished-at="2020-09-03T07:11:17 IST" duration-ms="44">
      <class name="one.TestHello">
        <test-method signature="testHello()[pri:0, instance:one.TestHello@27f723]" started-at="2020-09-03T07:11:17 IST" name="testHello" finished-at="2020-09-03T07:11:17 IST" duration-ms="5" status="PASS">
          <reporter-output>
          </reporter-output>
        </test-method> <!-- testHello -->
      </class> <!-- one.TestHello -->
    </test> <!-- Command line test -->
  </suite> <!-- one.TestHello -->
</testng-results>
